<?xml version="1.0" encoding="UTF-8"?>
<coverage generated="1720969352402" clover="3.2.0">
  <project timestamp="1720969352402" name="All files">
    <metrics statements="15" coveredstatements="14" conditionals="5" coveredconditionals="4" methods="2" coveredmethods="1" elements="22" coveredelements="19" complexity="0" loc="15" ncloc="15" packages="1" files="4" classes="4"/>
    <file name="Lake.vue" path="/home/gustavoamorim/Projects/aqua/lib/Lake.vue">
      <metrics statements="9" coveredstatements="8" conditionals="3" coveredconditionals="2" methods="0" coveredmethods="0"/>
      <line num="1" count="1" type="stmt"/>
      <line num="2" count="1" type="stmt"/>
      <line num="6" count="1" type="stmt"/>
      <line num="9" count="1" type="stmt"/>
      <line num="16" count="1" type="cond" truecount="1" falsecount="0"/>
      <line num="17" count="3" type="cond" truecount="1" falsecount="0"/>
      <line num="18" count="3" type="cond" truecount="0" falsecount="1"/>
      <line num="19" count="0" type="stmt"/>
      <line num="20" count="1" type="stmt"/>
    </file>
    <file name="createLake.ts" path="/home/gustavoamorim/Projects/aqua/lib/createLake.ts">
      <metrics statements="4" coveredstatements="4" conditionals="2" coveredconditionals="2" methods="1" coveredmethods="1"/>
      <line num="1" count="1" type="stmt"/>
      <line num="4" count="1" type="cond" truecount="1" falsecount="0"/>
      <line num="5" count="5" type="cond" truecount="1" falsecount="0"/>
      <line num="6" count="5" type="stmt"/>
    </file>
    <file name="main.ts" path="/home/gustavoamorim/Projects/aqua/lib/main.ts">
      <metrics statements="1" coveredstatements="1" conditionals="0" coveredconditionals="0" methods="0" coveredmethods="0"/>
      <line num="1" count="1" type="stmt"/>
    </file>
    <file name="useLake.ts" path="/home/gustavoamorim/Projects/aqua/lib/useLake.ts">
      <metrics statements="1" coveredstatements="1" conditionals="0" coveredconditionals="0" methods="1" coveredmethods="0"/>
      <line num="1" count="1" type="stmt"/>
    </file>
  </project>
</coverage>
