{"/home/gustavoamorim/Projects/aqua/lib/Lake.vue": {"path":"/home/gustavoamorim/Projects/aqua/lib/Lake.vue","all":false,"statementMap":{"0":{"start":{"line":1,"column":0},"end":{"line":1,"column":10}},"1":{"start":{"line":2,"column":0},"end":{"line":2,"column":66}},"5":{"start":{"line":6,"column":0},"end":{"line":6,"column":31}},"8":{"start":{"line":9,"column":0},"end":{"line":9,"column":27}},"15":{"start":{"line":16,"column":0},"end":{"line":16,"column":33}},"16":{"start":{"line":17,"column":0},"end":{"line":17,"column":86}},"17":{"start":{"line":18,"column":0},"end":{"line":18,"column":34}},"18":{"start":{"line":19,"column":0},"end":{"line":19,"column":14}},"19":{"start":{"line":20,"column":0},"end":{"line":20,"column":2}}},"s":{"0":1,"1":1,"5":1,"8":1,"15":1,"16":3,"17":3,"18":0,"19":1},"branchMap":{"0":{"type":"branch","line":16,"loc":{"start":{"line":16,"column":26},"end":{"line":20,"column":1}},"locations":[{"start":{"line":16,"column":26},"end":{"line":20,"column":1}}]},"1":{"type":"branch","line":18,"loc":{"start":{"line":18,"column":24},"end":{"line":19,"column":14}},"locations":[{"start":{"line":18,"column":24},"end":{"line":19,"column":14}}]},"2":{"type":"branch","line":17,"loc":{"start":{"line":17,"column":43},"end":{"line":17,"column":84}},"locations":[{"start":{"line":17,"column":43},"end":{"line":17,"column":84}}]}},"b":{"0":[3],"1":[0],"2":[3]},"fnMap":{},"f":{}}
,"/home/gustavoamorim/Projects/aqua/lib/createLake.ts": {"path":"/home/gustavoamorim/Projects/aqua/lib/createLake.ts","all":false,"statementMap":{"0":{"start":{"line":1,"column":0},"end":{"line":1,"column":30}},"3":{"start":{"line":4,"column":0},"end":{"line":4,"column":64}},"4":{"start":{"line":5,"column":0},"end":{"line":5,"column":65}},"5":{"start":{"line":6,"column":0},"end":{"line":6,"column":1}}},"s":{"0":1,"3":1,"4":5,"5":5},"branchMap":{"0":{"type":"branch","line":4,"loc":{"start":{"line":4,"column":7},"end":{"line":6,"column":1}},"locations":[{"start":{"line":4,"column":7},"end":{"line":6,"column":1}}]},"1":{"type":"branch","line":5,"loc":{"start":{"line":5,"column":30},"end":{"line":5,"column":55}},"locations":[{"start":{"line":5,"column":30},"end":{"line":5,"column":55}}]}},"b":{"0":[5],"1":[9]},"fnMap":{"0":{"name":"createLake","decl":{"start":{"line":4,"column":7},"end":{"line":6,"column":1}},"loc":{"start":{"line":4,"column":7},"end":{"line":6,"column":1}},"line":4}},"f":{"0":5}}
,"/home/gustavoamorim/Projects/aqua/lib/main.ts": {"path":"/home/gustavoamorim/Projects/aqua/lib/main.ts","all":false,"statementMap":{"0":{"start":{"line":1,"column":0},"end":{"line":1,"column":42}}},"s":{"0":1},"branchMap":{},"b":{},"fnMap":{},"f":{}}
,"/home/gustavoamorim/Projects/aqua/lib/useLake.ts": {"path":"/home/gustavoamorim/Projects/aqua/lib/useLake.ts","all":false,"statementMap":{"0":{"start":{"line":1,"column":0},"end":{"line":1,"column":28}}},"s":{"0":1},"branchMap":{},"b":{},"fnMap":{"0":{"name":"useLake","decl":{"start":{"line":1,"column":7},"end":{"line":1,"column":28}},"loc":{"start":{"line":1,"column":7},"end":{"line":1,"column":28}},"line":1}},"f":{"0":0}}
}
